# JRE version: OpenJDK Runtime Environment Temurin-21.0.1+12 (21.0.1+12) (build 21.0.1+12-LTS)
# Java VM: OpenJDK 64-Bit Server VM Temurin-21.0.1+12 (21.0.1+12-LTS, mixed mode, sharing, tiered, compressed oops, compressed class ptrs, g1 gc, windows-amd64)
GC Precious Log:
 CardTable entry size: 512
 Card Set container configuration: InlinePtr #cards 5 size 8 Array Of Cards #cards 12 size 40 Howl #buckets 4 coarsen threshold 1843 Howl Bitmap #cards 512 size 80 coarsen threshold 460 Card regions per heap region 1 cards per card region 2048
 CPUs: 8 total, 8 available
 Memory: 8043M
 Large Page Support: Disabled
 NUMA Support: Disabled
 Compressed Oops: Enabled (32-bit)
 Heap Region Size: 1M
 Heap Min Capacity: 8M
 Heap Initial Capacity: 126M
 Heap Max Capacity: 2012M
 Pre-touch: Disabled
 Parallel Workers: 8
 Concurrent Workers: 2
 Concurrent Refinement Workers: 8
 Periodic GC: Disabled
Heap:
 garbage-first heap   total 55296K, used 48105K [0x0000000082400000, 0x0000000100000000)
  region size 1024K, 20 young (20480K), 1 survivors (1024K)
 Metaspace       used 63037K, committed 63552K, reserved 1114112K
  class space    used 8262K, committed 8512K, reserved 1048576K
GC Heap History (20 events):
Event: 14.436 GC heap before
{Heap before GC invocations=11 (full 0):
 garbage-first heap   total 51200K, used 44045K [0x0000000082400000, 0x0000000100000000)
  region size 1024K, 23 young (23552K), 3 survivors (3072K)
 Metaspace       used 53099K, committed 53632K, reserved 1114112K
  class space    used 7060K, committed 7296K, reserved 1048576K
}
Event: 14.443 GC heap after
{Heap after GC invocations=12 (full 0):
 garbage-first heap   total 51200K, used 24524K [0x0000000082400000, 0x0000000100000000)
  region size 1024K, 3 young (3072K), 3 survivors (3072K)
 Metaspace       used 53099K, committed 53632K, reserved 1114112K
  class space    used 7060K, committed 7296K, reserved 1048576K
}
Event: 15.729 GC heap before
{Heap before GC invocations=12 (full 0):
 garbage-first heap   total 51200K, used 43980K [0x0000000082400000, 0x0000000100000000)
  region size 1024K, 22 young (22528K), 3 survivors (3072K)
 Metaspace       used 57440K, committed 57920K, reserved 1114112K
  class space    used 7588K, committed 7808K, reserved 1048576K
}
Event: 15.736 GC heap after
{Heap after GC invocations=13 (full 0):
 garbage-first heap   total 51200K, used 26650K [0x0000000082400000, 0x0000000100000000)
  region size 1024K, 3 young (3072K), 3 survivors (3072K)
 Metaspace       used 57440K, committed 57920K, reserved 1114112K
  class space    used 7588K, committed 7808K, reserved 1048576K
}
Event: 16.563 GC heap before
{Heap before GC invocations=13 (full 0):
 garbage-first heap   total 51200K, used 44058K [0x0000000082400000, 0x0000000100000000)
  region size 1024K, 20 young (20480K), 3 survivors (3072K)
 Metaspace       used 59665K, committed 60160K, reserved 1114112K
  class space    used 7855K, committed 8064K, reserved 1048576K
}
Event: 16.573 GC heap after
{Heap after GC invocations=14 (full 0):
 garbage-first heap   total 51200K, used 28657K [0x0000000082400000, 0x0000000100000000)
  region size 1024K, 2 young (2048K), 2 survivors (2048K)
 Metaspace       used 59665K, committed 60160K, reserved 1114112K
  class space    used 7855K, committed 8064K, reserved 1048576K
}
Event: 18.064 GC heap before
{Heap before GC invocations=15 (full 0):
 garbage-first heap   total 51200K, used 46065K [0x0000000082400000, 0x0000000100000000)
  region size 1024K, 19 young (19456K), 2 survivors (2048K)
 Metaspace       used 62430K, committed 63040K, reserved 1114112K
  class space    used 8256K, committed 8512K, reserved 1048576K
}
Event: 18.072 GC heap after
{Heap after GC invocations=16 (full 0):
 garbage-first heap   total 51200K, used 30548K [0x0000000082400000, 0x0000000100000000)
  region size 1024K, 2 young (2048K), 2 survivors (2048K)
 Metaspace       used 62430K, committed 63040K, reserved 1114112K
  class space    used 8256K, committed 8512K, reserved 1048576K
}
Event: 203.372 GC heap before
{Heap before GC invocations=16 (full 0):
 garbage-first heap   total 51200K, used 45908K [0x0000000082400000, 0x0000000100000000)
  region size 1024K, 17 young (17408K), 2 survivors (2048K)
 Metaspace       used 62913K, committed 63424K, reserved 1114112K
  class space    used 8262K, committed 8512K, reserved 1048576K
}
Event: 203.408 GC heap after
{Heap after GC invocations=17 (full 0):
 garbage-first heap   total 51200K, used 30386K [0x0000000082400000, 0x0000000100000000)
  region size 1024K, 1 young (1024K), 1 survivors (1024K)
 Metaspace       used 62913K, committed 63424K, reserved 1114112K
  class space    used 8262K, committed 8512K, reserved 1048576K
}
Event: 402.954 GC heap before
{Heap before GC invocations=17 (full 0):
 garbage-first heap   total 51200K, used 45746K [0x0000000082400000, 0x0000000100000000)
  region size 1024K, 16 young (16384K), 1 survivors (1024K)
 Metaspace       used 63007K, committed 63552K, reserved 1114112K
  class space    used 8262K, committed 8512K, reserved 1048576K
}
Event: 403.000 GC heap after
{Heap after GC invocations=18 (full 0):
 garbage-first heap   total 51200K, used 30142K [0x0000000082400000, 0x0000000100000000)
  region size 1024K, 1 young (1024K), 1 survivors (1024K)
 Metaspace       used 63007K, committed 63552K, reserved 1114112K
  class space    used 8262K, committed 8512K, reserved 1048576K
}
Event: 587.789 GC heap before
{Heap before GC invocations=19 (full 0):
 garbage-first heap   total 55296K, used 44478K [0x0000000082400000, 0x0000000100000000)
  region size 1024K, 15 young (15360K), 1 survivors (1024K)
 Metaspace       used 63018K, committed 63552K, reserved 1114112K
  class space    used 8262K, committed 8512K, reserved 1048576K
}
Event: 587.836 GC heap after
{Heap after GC invocations=20 (full 0):
 garbage-first heap   total 55296K, used 30152K [0x0000000082400000, 0x0000000100000000)
  region size 1024K, 1 young (1024K), 1 survivors (1024K)
 Metaspace       used 63018K, committed 63552K, reserved 1114112K
  class space    used 8262K, committed 8512K, reserved 1048576K
}
Event: 833.781 GC heap before
{Heap before GC invocations=20 (full 0):
 garbage-first heap   total 55296K, used 48584K [0x0000000082400000, 0x0000000100000000)
  region size 1024K, 19 young (19456K), 1 survivors (1024K)
 Metaspace       used 63033K, committed 63552K, reserved 1114112K
  class space    used 8262K, committed 8512K, reserved 1048576K
}
Event: 833.955 GC heap after
{Heap after GC invocations=21 (full 0):
 garbage-first heap   total 55296K, used 29669K [0x0000000082400000, 0x0000000100000000)
  region size 1024K, 1 young (1024K), 1 survivors (1024K)
 Metaspace       used 63033K, committed 63552K, reserved 1114112K
  class space    used 8262K, committed 8512K, reserved 1048576K
}
Event: 1098.185 GC heap before
{Heap before GC invocations=21 (full 0):
 garbage-first heap   total 55296K, used 49125K [0x0000000082400000, 0x0000000100000000)
  region size 1024K, 20 young (20480K), 1 survivors (1024K)
 Metaspace       used 63035K, committed 63552K, reserved 1114112K
  class space    used 8262K, committed 8512K, reserved 1048576K
}
Event: 1098.302 GC heap after
{Heap after GC invocations=22 (full 0):
 garbage-first heap   total 55296K, used 29663K [0x0000000082400000, 0x0000000100000000)
  region size 1024K, 1 young (1024K), 1 survivors (1024K)
 Metaspace       used 63035K, committed 63552K, reserved 1114112K
  class space    used 8262K, committed 8512K, reserved 1048576K
}
Event: 1365.073 GC heap before
{Heap before GC invocations=23 (full 0):
 garbage-first heap   total 55296K, used 49119K [0x0000000082400000, 0x0000000100000000)
  region size 1024K, 20 young (20480K), 1 survivors (1024K)
 Metaspace       used 63036K, committed 63552K, reserved 1114112K
  class space    used 8262K, committed 8512K, reserved 1048576K
}
Event: 1365.156 GC heap after
{Heap after GC invocations=24 (full 0):
 garbage-first heap   total 55296K, used 29673K [0x0000000082400000, 0x0000000100000000)
  region size 1024K, 1 young (1024K), 1 survivors (1024K)
 Metaspace       used 63036K, committed 63552K, reserved 1114112K
  class space    used 8262K, committed 8512K, reserved 1048576K
}

